<?xml version="1.0" encoding="UTF-8"?>
<!-- Generated by org.testng.reporters.JUnitReportReporter -->
<testsuite hostname="DESKTOP-EH707IO" name="Automation.Cucumber.AppTest" tests="1" failures="0" timestamp="27 Aug 2022 17:22:41 GMT" time="0.002" errors="0">
  <testcase name="shouldAnswerWithTrue" time="0.002" classname="Automation.Cucumber.AppTest"/>
</testsuite> <!-- Automation.Cucumber.AppTest -->
