<?xml version="1.0" encoding="UTF-8"?>
<!-- Generated by org.testng.reporters.JUnitReportReporter -->
<testsuite hostname="DESKTOP-EH707IO" name="cucumberOptions.Testrunner" tests="10" failures="0" timestamp="16 Sep 2022 12:17:56 GMT" time="878.554" errors="0">
  <testcase name="runScenario" time="79.914" classname="cucumberOptions.Testrunner"/>
  <testcase name="runScenario" time="127.885" classname="cucumberOptions.Testrunner"/>
  <testcase name="runScenario" time="79.767" classname="cucumberOptions.Testrunner"/>
  <testcase name="runScenario" time="72.888" classname="cucumberOptions.Testrunner"/>
  <testcase name="runScenario" time="73.253" classname="cucumberOptions.Testrunner"/>
  <testcase name="runScenario" time="99.707" classname="cucumberOptions.Testrunner"/>
  <testcase name="runScenario" time="74.772" classname="cucumberOptions.Testrunner"/>
  <testcase name="runScenario" time="70.998" classname="cucumberOptions.Testrunner"/>
  <testcase name="runScenario" time="95.975" classname="cucumberOptions.Testrunner"/>
  <testcase name="runScenario" time="103.395" classname="cucumberOptions.Testrunner"/>
</testsuite> <!-- cucumberOptions.Testrunner -->
