<?xml version="1.0" encoding="UTF-8"?>
<!-- Generated by org.testng.reporters.JUnitReportReporter -->
<testsuite hostname="DESKTOP-EH707IO" name="fixtest.FIxedOpsRegressionTest" tests="1" failures="0" timestamp="6 Sep 2022 10:41:54 GMT" time="116.522" errors="0">
  <testcase name="validatesigninDashboard" time="116.522" classname="fixtest.FIxedOpsRegressionTest"/>
</testsuite> <!-- fixtest.FIxedOpsRegressionTest -->
