<?xml version="1.0" encoding="UTF-8"?>
<!-- Generated by org.testng.reporters.JUnitReportReporter -->
<testsuite hostname="DESKTOP-EH707IO" name="fixtest.KPIreport" tests="1" failures="0" timestamp="14 Sep 2022 10:44:11 GMT" time="99.126" errors="0">
  <testcase name="validateDuration" time="99.126" classname="fixtest.KPIreport"/>
</testsuite> <!-- fixtest.KPIreport -->
