<?xml version="1.0" encoding="UTF-8"?>
<!-- Generated by org.testng.reporters.JUnitReportReporter -->
<testsuite hostname="DESKTOP-EH707IO" name="fixtest.CPsummaryOverviewTest" tests="6" failures="0" timestamp="3 Sep 2022 16:22:28 GMT" time="405.187" errors="0">
  <testcase name="validateDataasof" time="3.066" classname="fixtest.CPsummaryOverviewTest"/>
  <testcase name="validatedraganddrop" time="29.736" classname="fixtest.CPsummaryOverviewTest"/>
  <testcase name="validatecpsumoverviewtitle" time="3.082" classname="fixtest.CPsummaryOverviewTest"/>
  <testcase name="validateTooltip" time="32.126" classname="fixtest.CPsummaryOverviewTest"/>
  <testcase name="validateAddtofavorities" time="248.759" classname="fixtest.CPsummaryOverviewTest"/>
  <testcase name="validateGraphexpand" time="88.418" classname="fixtest.CPsummaryOverviewTest"/>
</testsuite> <!-- fixtest.CPsummaryOverviewTest -->
